[debug] [2021-01-14T04:10:01.362Z] ----------------------------------------------------------------------
[debug] [2021-01-14T04:10:01.364Z] Command:       /usr/local/bin/node /usr/local/bin/firebase init
[debug] [2021-01-14T04:10:01.364Z] CLI Version:   9.2.0
[debug] [2021-01-14T04:10:01.364Z] Platform:      darwin
[debug] [2021-01-14T04:10:01.364Z] Node Version:  v15.3.0
[debug] [2021-01-14T04:10:01.380Z] Time:          Thu Jan 14 2021 12:10:01 GMT+0800 (China Standard Time)
[debug] [2021-01-14T04:10:01.380Z] ----------------------------------------------------------------------
[debug] [2021-01-14T04:10:01.380Z] 
[debug] [2021-01-14T04:10:01.386Z] > command requires scopes: ["email","openid","https://www.googleapis.com/auth/cloudplatformprojects.readonly","https://www.googleapis.com/auth/firebase","https://www.googleapis.com/auth/cloud-platform"]
[debug] [2021-01-14T04:10:01.387Z] > authorizing via signed-in user
[info] 
     ######## #### ########  ######## ########     ###     ######  ########
     ##        ##  ##     ## ##       ##     ##  ##   ##  ##       ##
     ######    ##  ########  ######   ########  #########  ######  ######
     ##        ##  ##    ##  ##       ##     ## ##     ##       ## ##
     ##       #### ##     ## ######## ########  ##     ##  ######  ########

You're about to initialize a Firebase project in this directory:

  /Users/alexzongo/Desktop/Javascript/React_js/projects/Facebook-clone/fb-clone

[info] 
=== Project Setup
[info] 
[info] First, let's associate this project directory with a Firebase project.
[info] You can create multiple project aliases by running firebase use --add, 
[info] but for now we'll just set up a default project.
[info] 
[debug] [2021-01-14T04:11:16.361Z] >>> [apiv2][query] GET https://firebase.googleapis.com/v1beta1/projects pageSize=100
[debug] [2021-01-14T04:11:17.317Z] <<< [apiv2][status] GET https://firebase.googleapis.com/v1beta1/projects 200
[debug] [2021-01-14T04:11:17.317Z] <<< [apiv2][body] GET https://firebase.googleapis.com/v1beta1/projects [omitted]
[info] i  Using project facebook-clone-b1d31 (facebook-clone) 
[info] 
=== Hosting Setup
[info] 
[info] Your public directory is the folder (relative to your project directory) that
[info] will contain Hosting assets to be uploaded with firebase deploy. If you
[info] have a build process for your assets, use your build's output directory.
[info] 
[debug] [2021-01-14T04:12:37.230Z] >>> [apiv2][query] GET https://www.gstatic.com/firebasejs/releases.json [none]
[debug] [2021-01-14T04:12:37.965Z] <<< [apiv2][status] GET https://www.gstatic.com/firebasejs/releases.json 200
[debug] [2021-01-14T04:12:37.965Z] <<< [apiv2][body] GET https://www.gstatic.com/firebasejs/releases.json {"current":{"version":"8.2.2","browserURL":"https://www.gstatic.com/firebasejs/8.2.2/firebase.js","packageURL":"https://www.gstatic.com/firebasejs/8.2.2/firebase.tgz"},"live":{"version":"8.2","browserURL":"https://www.gstatic.com/firebasejs/live/8.2/firebase.js","packageURL":"https://www.gstatic.com/firebasejs/live/8.2/firebase.tgz"},"components":{"analytics":"https://www.gstatic.com/firebasejs/8.2.2/firebase-analytics.js","app":"https://www.gstatic.com/firebasejs/8.2.2/firebase-app.js","auth":"https://www.gstatic.com/firebasejs/8.2.2/firebase-auth.js","database":"https://www.gstatic.com/firebasejs/8.2.2/firebase-database.js","firestore":"https://www.gstatic.com/firebasejs/8.2.2/firebase-firestore.js","functions":"https://www.gstatic.com/firebasejs/8.2.2/firebase-functions.js","installations":"https://www.gstatic.com/firebasejs/8.2.2/firebase-installations.js","messaging":"https://www.gstatic.com/firebasejs/8.2.2/firebase-messaging.js","storage":"https://www.gstatic.com/firebasejs/8.2.2/firebase-storage.js","performance":"https://www.gstatic.com/firebasejs/8.2.2/firebase-performance.js","remote-config":"https://www.gstatic.com/firebasejs/8.2.2/firebase-remote-config.js","firestore.memory":"https://www.gstatic.com/firebasejs/8.2.2/firebase-firestore.memory.js"}}
[info] ✔  Wrote build/index.html 
[info] 
[info] i  Detected a .git folder at /Users/alexzongo/Desktop/Javascript/React_js/projects/Facebook-clone/fb-clone 
[info] i  Authorizing with GitHub to upload your service account to a GitHub repository's secrets store. 
[info] 
[info] Visit this URL on this device to log in:
[info] https://github.com/login/oauth/authorize?client_id=89cf50f02ac6aaed3484&state=198572545&redirect_uri=http%3A%2F%2Flocalhost%3A9005&scope=read%3Auser%20repo%20public_repo
[info] 
[info] Waiting for authentication...
[debug] [2021-01-14T04:13:04.375Z] >>> HTTP REQUEST POST https://github.com/login/oauth/access_token  
 {"client_id":"89cf50f02ac6aaed3484","client_secret":"3330d14abc895d9a74d5f17cd7a00711fa2c5bf0","code":"2bd7180dc776471f9c38","redirect_uri":"http://localhost:9005","state":"198572545"}
[debug] [2021-01-14T04:13:05.329Z] <<< HTTP RESPONSE 200 {"server":"GitHub.com","date":"Thu, 14 Jan 2021 04:13:05 GMT","content-type":"application/json; charset=utf-8","transfer-encoding":"chunked","status":"200 OK","vary":"X-PJAX, Accept-Encoding, Accept, X-Requested-With","etag":"W/\"e43d22cddff9d3f378253f12ed198dbb\"","cache-control":"max-age=0, private, must-revalidate","strict-transport-security":"max-age=31536000; includeSubdomains; preload","x-frame-options":"deny","x-content-type-options":"nosniff","x-xss-protection":"1; mode=block","referrer-policy":"origin-when-cross-origin, strict-origin-when-cross-origin","expect-ct":"max-age=2592000, report-uri=\"https://api.github.com/_private/browser/errors\"","content-security-policy":"default-src 'none'; base-uri 'self'; block-all-mixed-content; connect-src 'self' uploads.github.com www.githubstatus.com collector.githubapp.com api.github.com github-cloud.s3.amazonaws.com github-production-repository-file-5c1aeb.s3.amazonaws.com github-production-upload-manifest-file-7fdce7.s3.amazonaws.com github-production-user-asset-6210df.s3.amazonaws.com cdn.optimizely.com logx.optimizely.com/v1/events wss://alive.github.com; font-src github.githubassets.com; form-action 'self' github.com gist.github.com; frame-ancestors 'none'; frame-src render.githubusercontent.com; img-src 'self' data: github.githubassets.com identicons.github.com collector.githubapp.com github-cloud.s3.amazonaws.com *.githubusercontent.com; manifest-src 'self'; media-src 'none'; script-src github.githubassets.com; style-src 'unsafe-inline' github.githubassets.com; worker-src github.com/socket-worker-5029ae85.js gist.github.com/socket-worker-5029ae85.js","x-github-request-id":"417A:5AEF:F29684:16A9C0C:5FFFC4D1"}
[debug] [2021-01-14T04:13:05.331Z] >>> [apiv2][query] GET https://api.github.com/user [none]
[debug] [2021-01-14T04:13:06.332Z] <<< [apiv2][status] GET https://api.github.com/user 200
[debug] [2021-01-14T04:13:06.333Z] <<< [apiv2][body] GET https://api.github.com/user {"login":"Alex-Zongo","id":57990589,"node_id":"MDQ6VXNlcjU3OTkwNTg5","avatar_url":"https://avatars1.githubusercontent.com/u/57990589?v=4","gravatar_id":"","url":"https://api.github.com/users/Alex-Zongo","html_url":"https://github.com/Alex-Zongo","followers_url":"https://api.github.com/users/Alex-Zongo/followers","following_url":"https://api.github.com/users/Alex-Zongo/following{/other_user}","gists_url":"https://api.github.com/users/Alex-Zongo/gists{/gist_id}","starred_url":"https://api.github.com/users/Alex-Zongo/starred{/owner}{/repo}","subscriptions_url":"https://api.github.com/users/Alex-Zongo/subscriptions","organizations_url":"https://api.github.com/users/Alex-Zongo/orgs","repos_url":"https://api.github.com/users/Alex-Zongo/repos","events_url":"https://api.github.com/users/Alex-Zongo/events{/privacy}","received_events_url":"https://api.github.com/users/Alex-Zongo/received_events","type":"User","site_admin":false,"name":"Alex B. S. M. A. ZONGO","company":null,"blog":"","location":null,"email":null,"hireable":null,"bio":"Passionate Aerospace Engineer currently in senoir year of a Bachelor degree of Flight Vehicle Design Engineering. Also fond of programming and AI.","twitter_username":null,"public_repos":17,"public_gists":6,"followers":0,"following":0,"created_at":"2019-11-20T11:26:09Z","updated_at":"2021-01-14T04:12:57Z","private_gists":0,"total_private_repos":0,"owned_private_repos":0,"disk_usage":137752,"collaborators":0,"two_factor_authentication":false,"plan":{"name":"free","space":976562499,"collaborators":0,"private_repos":10000}}
[info] 
[info] ✔  Success! Logged into GitHub as Alex-Zongo 
[info] 
[debug] [2021-01-14T04:13:06.388Z] >>> [apiv2][query] GET https://api.github.com/repos//actions/secrets/public-key type=owner
[debug] [2021-01-14T04:13:07.125Z] <<< [apiv2][status] GET https://api.github.com/repos//actions/secrets/public-key 404
[debug] [2021-01-14T04:13:07.126Z] <<< [apiv2][body] GET https://api.github.com/repos//actions/secrets/public-key {"message":"Not Found","documentation_url":"https://docs.github.com/rest"}
